<?xml version="1.0" encoding="UTF-8"?>
<robot generator="Robot 6.1.1 (Python 3.12.0 on win32)" generated="20231007 18:17:32.567" rpa="false" schemaversion="4">
<suite id="s1" name="Amazon Testes" source="c:\Users\weviton.silva\Projetos\ProjetoAutomationRobotFreameworkWeb\amazon_testes.robot">
<test id="s1-t1" name="Caso de Teste 01 - Acesspao menu &quot;Eletronicos&quot;" line="9">
<kw name="Abrir o navegador" library="amazon_resources" type="SETUP">
<kw name="Open Browser" library="SeleniumLibrary">
<arg>browser=chrome</arg>
<doc>Opens a new browser instance to the optional ``url``.</doc>
<msg timestamp="20231007 18:17:32.816" level="INFO">Opening browser 'chrome' to base url 'None'.</msg>
<msg timestamp="20231007 18:17:33.662" level="WARN">The chromedriver version (116.0.5845.96) detected in PATH at C:\Users\weviton.silva\AppData\Local\Programs\Python\Python312\Scripts\chromedriver.exe might not be compatible with the detected chrome version (117.0.5938.149); currently, chromedriver 117.0.5938.149 is recommended for chrome 117.*, so it is advised to delete the driver in PATH and retry</msg>
<status status="PASS" starttime="20231007 18:17:32.816" endtime="20231007 18:17:35.732"/>
</kw>
<status status="PASS" starttime="20231007 18:17:32.815" endtime="20231007 18:17:35.732"/>
</kw>
<kw name="Acesar a home page do site Amazon.com.br">
<msg timestamp="20231007 18:17:35.749" level="FAIL">No keyword with name 'Acesar a home page do site Amazon.com.br' found.</msg>
<status status="FAIL" starttime="20231007 18:17:35.748" endtime="20231007 18:17:35.752"/>
</kw>
<kw name="Entrar no menu &quot;Eletronicos&quot;">
<status status="NOT RUN" starttime="20231007 18:17:35.758" endtime="20231007 18:17:35.759"/>
</kw>
<kw name="Verificar se o título da página fica &quot;Eletronicos e Tecnologia | Amazon.com.br&quot;">
<status status="NOT RUN" starttime="20231007 18:17:35.765" endtime="20231007 18:17:35.765"/>
</kw>
<kw name="Verificar se aparece a frase &quot;Eletrônicos e Tecnologia&quot;">
<status status="NOT RUN" starttime="20231007 18:17:35.769" endtime="20231007 18:17:35.770"/>
</kw>
<kw name="Verificar se aparece a categoria &quot;Computadores e Informática&quot;">
<status status="NOT RUN" starttime="20231007 18:17:35.774" endtime="20231007 18:17:35.774"/>
</kw>
<kw name="Fechar o navegador" library="amazon_resources" type="TEARDOWN">
<kw name="Close Browser" library="SeleniumLibrary">
<doc>Closes the current browser.</doc>
<status status="PASS" starttime="20231007 18:17:35.776" endtime="20231007 18:17:38.227"/>
</kw>
<status status="PASS" starttime="20231007 18:17:35.776" endtime="20231007 18:17:38.227"/>
</kw>
<doc>Esse teste verifica o menu eletrônicos do site da amazon.com.br
verifica a categoria computadores e Informática</doc>
<tag>menus categorias</tag>
<status status="FAIL" starttime="20231007 18:17:32.815" endtime="20231007 18:17:38.227">No keyword with name 'Acesar a home page do site Amazon.com.br' found.</status>
</test>
<doc>Essa suite testa o site da amazon.com.busca_produtos</doc>
<status status="FAIL" starttime="20231007 18:17:32.573" endtime="20231007 18:17:38.227"/>
</suite>
<statistics>
<total>
<stat pass="0" fail="1" skip="0">All Tests</stat>
</total>
<tag>
<stat pass="0" fail="1" skip="0">menus categorias</stat>
</tag>
<suite>
<stat pass="0" fail="1" skip="0" id="s1" name="Amazon Testes">Amazon Testes</stat>
</suite>
</statistics>
<errors>
<msg timestamp="20231007 18:17:33.662" level="WARN">The chromedriver version (116.0.5845.96) detected in PATH at C:\Users\weviton.silva\AppData\Local\Programs\Python\Python312\Scripts\chromedriver.exe might not be compatible with the detected chrome version (117.0.5938.149); currently, chromedriver 117.0.5938.149 is recommended for chrome 117.*, so it is advised to delete the driver in PATH and retry</msg>
</errors>
</robot>
